Der Buildvorgang wurde am 01.07.2015 12:30:24 gestartet.
     1>Projekt "C:\Users\Steffen\Documents\GitHub\SWT_Laser\Parser\Parser\Parser.vcxproj" auf Knoten "2", Rebuild Ziel(e).
     1>ClCompile:
         C:\Program Files\Microsoft Visual Studio 12.0\VC\bin\CL.exe /c /ZI /nologo /W3 /WX- /sdl /Od /Oy- /D WIN32 /D _DEBUG /D _CONSOLE /D _LIB /D _UNICODE /D UNICODE /Gm /EHsc /RTC1 /MDd /GS /fp:precise /Zc:wchar_t /Zc:forScope /Yc"stdafx.h" /Fp"Debug\Parser.pch" /Fo"Debug\\" /Fd"Debug\vc120.pdb" /Gd /TP /analyze- /errorReport:prompt stdafx.cpp
         stdafx.cpp
         C:\Program Files\Microsoft Visual Studio 12.0\VC\bin\CL.exe /c /ZI /nologo /W3 /WX- /sdl /Od /Oy- /D WIN32 /D _DEBUG /D _CONSOLE /D _LIB /D _UNICODE /D UNICODE /Gm /EHsc /RTC1 /MDd /GS /fp:precise /Zc:wchar_t /Zc:forScope /Yu"stdafx.h" /Fp"Debug\Parser.pch" /Fo"Debug\\" /Fd"Debug\vc120.pdb" /Gd /TP /analyze- /errorReport:prompt Befehl.cpp Main.cpp Parser.cpp
         Parser.cpp
     1>c:\users\steffen\documents\github\swt_laser\parser\parser\parser.cpp(186): warning C4018: '<': Konflikt zwischen 'signed' und 'unsigned'
     1>c:\users\steffen\documents\github\swt_laser\parser\parser\parser.cpp(196): warning C4018: '<': Konflikt zwischen 'signed' und 'unsigned'
     1>c:\users\steffen\documents\github\swt_laser\parser\parser\parser.cpp(206): warning C4018: '<': Konflikt zwischen 'signed' und 'unsigned'
     1>c:\users\steffen\documents\github\swt_laser\parser\parser\parser.cpp(216): warning C4018: '<=': Konflikt zwischen 'signed' und 'unsigned'
         Main.cpp
         Befehl.cpp
         Code wird generiert...
       Link:
         C:\Program Files\Microsoft Visual Studio 12.0\VC\bin\link.exe /ERRORREPORT:PROMPT /OUT:"C:\Users\Steffen\Documents\GitHub\SWT_Laser\Parser\Debug\Parser.exe" /INCREMENTAL /NOLOGO kernel32.lib user32.lib gdi32.lib winspool.lib comdlg32.lib advapi32.lib shell32.lib ole32.lib oleaut32.lib uuid.lib odbc32.lib odbccp32.lib /MANIFEST /MANIFESTUAC:"level='asInvoker' uiAccess='false'" /manifest:embed /DEBUG /PDB:"C:\Users\Steffen\Documents\GitHub\SWT_Laser\Parser\Debug\Parser.pdb" /SUBSYSTEM:CONSOLE /TLBID:1 /DYNAMICBASE /NXCOMPAT /IMPLIB:"C:\Users\Steffen\Documents\GitHub\SWT_Laser\Parser\Debug\Parser.lib" /MACHINE:X86 Debug\Befehl.obj
         Debug\Main.obj
         Debug\Parser.obj
         Debug\stdafx.obj
         Parser.vcxproj -> C:\Users\Steffen\Documents\GitHub\SWT_Laser\Parser\Debug\Parser.exe
     1>Die Erstellung des Projekts "C:\Users\Steffen\Documents\GitHub\SWT_Laser\Parser\Parser\Parser.vcxproj" ist abgeschlossen, Rebuild Ziel(e).

Build erfolgreich.

Verstrichene Zeit 00:00:10.29
