c:\users\david\documents\visual studio 2013\projects\swt_laser\swt_laser\debug\swt_laser.pch
c:\users\david\documents\visual studio 2013\projects\swt_laser\swt_laser\debug\vc120.pdb
c:\users\david\documents\visual studio 2013\projects\swt_laser\swt_laser\debug\vc120.idb
c:\users\david\documents\visual studio 2013\projects\swt_laser\swt_laser\debug\stdafx.obj
c:\users\david\documents\visual studio 2013\projects\swt_laser\swt_laser\debug\swt_laser.obj
c:\users\david\documents\visual studio 2013\projects\swt_laser\swt_laser\debug\statebereit.obj
c:\users\david\documents\visual studio 2013\projects\swt_laser\swt_laser\debug\statelaseran.obj
c:\users\david\documents\visual studio 2013\projects\swt_laser\swt_laser\debug\statelaseraus.obj
c:\users\david\documents\visual studio 2013\projects\swt_laser\swt_laser\debug\statemove.obj
c:\users\david\documents\visual studio 2013\projects\swt_laser\swt_laser\debug\state.obj
c:\users\david\documents\visual studio 2013\projects\swt_laser\debug\swt_laser.pdb
c:\users\david\documents\visual studio 2013\projects\swt_laser\swt_laser\debug\swt_laser.tlog\cl.command.1.tlog
c:\users\david\documents\visual studio 2013\projects\swt_laser\swt_laser\debug\swt_laser.tlog\cl.read.1.tlog
c:\users\david\documents\visual studio 2013\projects\swt_laser\swt_laser\debug\swt_laser.tlog\cl.write.1.tlog
c:\users\david\documents\visual studio 2013\projects\swt_laser\swt_laser\debug\swt_laser.tlog\link-cvtres.read.1.tlog
c:\users\david\documents\visual studio 2013\projects\swt_laser\swt_laser\debug\swt_laser.tlog\link-cvtres.write.1.tlog
c:\users\david\documents\visual studio 2013\projects\swt_laser\swt_laser\debug\swt_laser.tlog\link-rc.read.1.tlog
c:\users\david\documents\visual studio 2013\projects\swt_laser\swt_laser\debug\swt_laser.tlog\link-rc.write.1.tlog
c:\users\david\documents\visual studio 2013\projects\swt_laser\swt_laser\debug\swt_laser.tlog\link.command.1.tlog
c:\users\david\documents\visual studio 2013\projects\swt_laser\swt_laser\debug\swt_laser.tlog\link.read.1.tlog
c:\users\david\documents\visual studio 2013\projects\swt_laser\swt_laser\debug\swt_laser.tlog\link.write.1.tlog
